<?xml version="1.0" encoding="UTF-8"?>
<!-- Generated by org.testng.reporters.JUnitReportReporter -->
<testsuite hostname="s6" failures="0" tests="1" name="com.yahoo.ycsb.TestByteIterator" time="0.006" errors="0" timestamp="24 Mar 2020 06:57:03 GMT">
  <testcase classname="com.yahoo.ycsb.TestByteIterator" name="testRandomByteIterator" time="0.006"/>
</testsuite>
